# JRE version: Java(TM) SE Runtime Environment (13.0.1+9) (build 13.0.1+9)
# Java VM: Java HotSpot(TM) 64-Bit Server VM (13.0.1+9, mixed mode, sharing, tiered, compressed oops, g1 gc, windows-amd64)
Heap:
 garbage-first heap   total 262144K, used 16262K [0x0000000700800000, 0x0000000800000000)
  region size 1024K, 14 young (14336K), 3 survivors (3072K)
 Metaspace       used 19734K, capacity 20178K, committed 20352K, reserved 1067008K
  class space    used 2207K, capacity 2375K, committed 2432K, reserved 1048576K
GC Heap History (6 events):
Event: 0.595 GC heap before
{Heap before GC invocations=0 (full 0):
 garbage-first heap   total 262144K, used 14336K [0x0000000700800000, 0x0000000800000000)
  region size 1024K, 14 young (14336K), 0 survivors (0K)
 Metaspace       used 5220K, capacity 6143K, committed 6272K, reserved 1056768K
  class space    used 534K, capacity 622K, committed 640K, reserved 1048576K
}
Event: 0.598 GC heap after
{Heap after GC invocations=1 (full 0):
 garbage-first heap   total 262144K, used 4225K [0x0000000700800000, 0x0000000800000000)
  region size 1024K, 2 young (2048K), 2 survivors (2048K)
 Metaspace       used 5220K, capacity 6143K, committed 6272K, reserved 1056768K
  class space    used 534K, capacity 622K, committed 640K, reserved 1048576K
}
Event: 0.937 GC heap before
{Heap before GC invocations=1 (full 0):
 garbage-first heap   total 262144K, used 14465K [0x0000000700800000, 0x0000000800000000)
  region size 1024K, 12 young (12288K), 2 survivors (2048K)
 Metaspace       used 9006K, capacity 9321K, committed 9600K, reserved 1058816K
  class space    used 955K, capacity 1051K, committed 1152K, reserved 1048576K
}
Event: 0.940 GC heap after
{Heap after GC invocations=2 (full 0):
 garbage-first heap   total 262144K, used 5342K [0x0000000700800000, 0x0000000800000000)
  region size 1024K, 1 young (1024K), 1 survivors (1024K)
 Metaspace       used 9006K, capacity 9321K, committed 9600K, reserved 1058816K
  class space    used 955K, capacity 1051K, committed 1152K, reserved 1048576K
}
Event: 1.473 GC heap before
{Heap before GC invocations=2 (full 0):
 garbage-first heap   total 262144K, used 30942K [0x0000000700800000, 0x0000000800000000)
  region size 1024K, 27 young (27648K), 1 survivors (1024K)
 Metaspace       used 17534K, capacity 17878K, committed 18048K, reserved 1064960K
  class space    used 1977K, capacity 2114K, committed 2176K, reserved 1048576K
}
Event: 1.475 GC heap after
{Heap after GC invocations=3 (full 0):
 garbage-first heap   total 262144K, used 7046K [0x0000000700800000, 0x0000000800000000)
  region size 1024K, 3 young (3072K), 3 survivors (3072K)
 Metaspace       used 17534K, capacity 17878K, committed 18048K, reserved 1064960K
  class space    used 1977K, capacity 2114K, committed 2176K, reserved 1048576K
}

